24 Feb, 2021  09:02:30:48 +00:00(UTC) - INFO - settings  - Starting db..
24 Feb, 2021  09:02:30:50 +00:00(UTC) - INFO - settings  - [Mongo] - DB connection has established!
24 Feb, 2021  09:09:13:38 +00:00(UTC) - INFO - settings  - Starting db..
24 Feb, 2021  09:09:13:41 +00:00(UTC) - INFO - settings  - [Mongo] - DB connection has established!
24 Feb, 2021  09:13:09:65 +00:00(UTC) - INFO - settings  - Starting db..
24 Feb, 2021  09:13:09:72 +00:00(UTC) - INFO - settings  - [Mongo] - DB connection has established!
24 Feb, 2021  09:13:49:90 +00:00(UTC) - INFO - settings  - Starting db..
24 Feb, 2021  09:13:49:92 +00:00(UTC) - INFO - settings  - [Mongo] - DB connection has established!
24 Feb, 2021  09:15:04:42 +00:00(UTC) - INFO - settings  - Starting db..
24 Feb, 2021  09:15:04:44 +00:00(UTC) - INFO - settings  - [Mongo] - DB connection has established!
24 Feb, 2021  09:17:52:80 +00:00(UTC) - INFO - settings  - Starting db..
24 Feb, 2021  09:17:52:82 +00:00(UTC) - INFO - settings  - [Mongo] - DB connection has established!
24 Feb, 2021  09:18:57:09 +00:00(UTC) - INFO - settings  - Starting db..
24 Feb, 2021  09:18:57:11 +00:00(UTC) - INFO - settings  - [Mongo] - DB connection has established!
24 Feb, 2021  09:20:26:96 +00:00(UTC) - INFO - settings  - Starting db..
24 Feb, 2021  09:20:26:97 +00:00(UTC) - INFO - settings  - [Mongo] - DB connection has established!
24 Feb, 2021  09:21:04:54 +00:00(UTC) - INFO - settings  - Starting db..
24 Feb, 2021  09:21:04:56 +00:00(UTC) - INFO - settings  - [Mongo] - DB connection has established!
24 Feb, 2021  09:21:24:91 +00:00(UTC) - INFO - settings  - Starting db..
24 Feb, 2021  09:21:24:93 +00:00(UTC) - INFO - settings  - [Mongo] - DB connection has established!
24 Feb, 2021  09:23:03:92 +00:00(UTC) - INFO - settings  - Starting db..
24 Feb, 2021  09:23:03:94 +00:00(UTC) - INFO - settings  - [Mongo] - DB connection has established!
24 Feb, 2021  09:23:25:18 +00:00(UTC) - INFO - settings  - Starting db..
24 Feb, 2021  09:23:25:21 +00:00(UTC) - INFO - settings  - [Mongo] - DB connection has established!
24 Feb, 2021  09:29:41:30 +00:00(UTC) - INFO - settings  - Starting db..
24 Feb, 2021  09:29:41:32 +00:00(UTC) - INFO - settings  - [Mongo] - DB connection has established!
24 Feb, 2021  09:31:39:43 +00:00(UTC) - INFO - settings  - Starting db..
24 Feb, 2021  09:31:39:49 +00:00(UTC) - INFO - settings  - [Mongo] - DB connection has established!
24 Feb, 2021  09:32:41:10 +00:00(UTC) - INFO - settings  - Starting db..
24 Feb, 2021  09:32:41:13 +00:00(UTC) - INFO - settings  - [Mongo] - DB connection has established!
24 Feb, 2021  09:32:44:74 +00:00(UTC) - INFO - settings  - Starting db..
24 Feb, 2021  09:32:44:76 +00:00(UTC) - INFO - settings  - [Mongo] - DB connection has established!
24 Feb, 2021  09:36:05:86 +00:00(UTC) - INFO - settings  - Starting db..
24 Feb, 2021  09:36:05:88 +00:00(UTC) - INFO - settings  - [Mongo] - DB connection has established!
24 Feb, 2021  09:38:31:70 +00:00(UTC) - INFO - settings  - Starting db..
24 Feb, 2021  09:38:31:71 +00:00(UTC) - INFO - settings  - [Mongo] - DB connection has established!
24 Feb, 2021  09:42:32:90 +00:00(UTC) - INFO - settings  - Starting db..
24 Feb, 2021  09:42:32:92 +00:00(UTC) - INFO - settings  - [Mongo] - DB connection has established!
24 Feb, 2021  09:42:45:99 +00:00(UTC) - INFO - settings  - Starting db..
24 Feb, 2021  09:42:46:02 +00:00(UTC) - INFO - settings  - [Mongo] - DB connection has established!
24 Feb, 2021  09:42:50:48 +00:00(UTC) - INFO - endpoints  - Hello 
24 Feb, 2021  09:43:21:46 +00:00(UTC) - INFO - settings  - Starting db..
24 Feb, 2021  09:43:21:47 +00:00(UTC) - INFO - settings  - [Mongo] - DB connection has established!
24 Feb, 2021  09:43:26:68 +00:00(UTC) - INFO - endpoints  - Hello MotorClient(MongoClient(host=['localhost:27017'], document_class=dict, tz_aware=False, connect=False, driver=DriverInfo(name='Motor', version='2.3.1', platform='Tornado 6.1')))
24 Feb, 2021  09:44:55:18 +00:00(UTC) - INFO - settings  - Starting db..
24 Feb, 2021  09:44:55:19 +00:00(UTC) - INFO - settings  - [Mongo] - DB connection has established!
24 Feb, 2021  09:45:02:06 +00:00(UTC) - INFO - endpoints  - Hello MotorDatabase(Database(MongoClient(host=['localhost:27017'], document_class=dict, tz_aware=False, connect=False, driver=DriverInfo(name='Motor', version='2.3.1', platform='Tornado 6.1')), 'master'))
24 Feb, 2021  09:46:46:19 +00:00(UTC) - INFO - settings  - Starting db..
24 Feb, 2021  09:46:46:27 +00:00(UTC) - INFO - settings  - [Mongo] - DB connection has established!
24 Feb, 2021  09:50:36:71 +00:00(UTC) - INFO - settings  - Starting db..
24 Feb, 2021  09:50:36:73 +00:00(UTC) - CRITICAL - settings  - [Mongo] - DB connection has failed - name '_client' is not defined
24 Feb, 2021  09:51:27:75 +00:00(UTC) - INFO - settings  - Starting db..
24 Feb, 2021  09:51:27:78 +00:00(UTC) - CRITICAL - settings  - [Mongo] - DB connection has failed - name '_client' is not defined
24 Feb, 2021  09:51:37:97 +00:00(UTC) - INFO - settings  - Starting db..
24 Feb, 2021  09:51:38:00 +00:00(UTC) - INFO - settings  - [Mongo] - DB connection has established!
24 Feb, 2021  09:53:29:50 +00:00(UTC) - INFO - settings  - Starting db..
24 Feb, 2021  09:53:29:52 +00:00(UTC) - INFO - settings  - [Mongo] - DB connection has established!
24 Feb, 2021  09:59:15:88 +00:00(UTC) - INFO - settings  - Starting db..
24 Feb, 2021  09:59:15:90 +00:00(UTC) - INFO - settings  - [Mongo] - DB connection has established!
24 Feb, 2021  10:00:11:51 +00:00(UTC) - INFO - settings  - Starting db..
24 Feb, 2021  10:00:11:52 +00:00(UTC) - INFO - settings  - [Mongo] - DB connection has established!
24 Feb, 2021  10:00:34:94 +00:00(UTC) - INFO - settings  - Starting db..
24 Feb, 2021  10:00:34:97 +00:00(UTC) - INFO - settings  - [Mongo] - DB connection has established!
24 Feb, 2021  10:00:40:05 +00:00(UTC) - INFO - settings  - Starting db..
24 Feb, 2021  10:00:40:07 +00:00(UTC) - INFO - settings  - [Mongo] - DB connection has established!
24 Feb, 2021  10:01:48:76 +00:00(UTC) - INFO - settings  - Starting db..
24 Feb, 2021  10:01:48:87 +00:00(UTC) - INFO - settings  - [Mongo] - DB connection has established!
24 Feb, 2021  11:31:56:22 +00:00(UTC) - INFO - settings  - Starting db..
24 Feb, 2021  11:31:56:30 +00:00(UTC) - INFO - settings  - [Mongo] - DB connection has established!
24 Feb, 2021  11:37:23:85 +00:00(UTC) - INFO - settings  - Starting db..
24 Feb, 2021  11:37:23:89 +00:00(UTC) - INFO - settings  - [Mongo] - DB connection has established!
24 Feb, 2021  12:05:04:82 +00:00(UTC) - INFO - settings  - Starting db..
24 Feb, 2021  12:05:04:87 +00:00(UTC) - INFO - settings  - [Mongo] - DB connection has established!
24 Feb, 2021  12:09:14:46 +00:00(UTC) - INFO - settings  - Starting db..
24 Feb, 2021  12:09:14:49 +00:00(UTC) - INFO - settings  - [Mongo] - DB connection has established!
24 Feb, 2021  12:11:10:63 +00:00(UTC) - INFO - settings  - Starting db..
24 Feb, 2021  12:11:10:68 +00:00(UTC) - INFO - settings  - [Mongo] - DB connection has established!
24 Feb, 2021  12:21:37:46 +00:00(UTC) - INFO - settings  - Starting db..
24 Feb, 2021  12:21:37:48 +00:00(UTC) - INFO - settings  - [Mongo] - DB connection has established!
24 Feb, 2021  12:27:41:16 +00:00(UTC) - INFO - settings  - Starting db..
24 Feb, 2021  12:27:41:20 +00:00(UTC) - INFO - settings  - [Mongo] - DB connection has established!
24 Feb, 2021  12:28:59:82 +00:00(UTC) - INFO - settings  - Starting db..
24 Feb, 2021  12:28:59:85 +00:00(UTC) - INFO - settings  - [Mongo] - DB connection has established!
24 Feb, 2021  12:37:33:51 +00:00(UTC) - INFO - settings  - Starting db..
24 Feb, 2021  12:37:33:57 +00:00(UTC) - INFO - settings  - [Mongo] - DB connection has established!
24 Feb, 2021  12:40:55:91 +00:00(UTC) - INFO - settings  - Starting db..
24 Feb, 2021  12:40:55:95 +00:00(UTC) - INFO - settings  - [Mongo] - DB connection has established!
24 Feb, 2021  12:45:27:28 +00:00(UTC) - INFO - settings  - Starting db..
24 Feb, 2021  12:45:27:31 +00:00(UTC) - INFO - settings  - [Mongo] - DB connection has established!
24 Feb, 2021  12:52:10:42 +00:00(UTC) - INFO - settings  - Starting db..
24 Feb, 2021  12:52:10:46 +00:00(UTC) - INFO - settings  - [Mongo] - DB connection has established!
25 Feb, 2021  04:23:05:30 +00:00(UTC) - INFO - settings  - Starting db..
25 Feb, 2021  04:23:05:34 +00:00(UTC) - INFO - settings  - [Mongo] - DB connection has established!
26 Feb, 2021  05:07:24:29 +00:00(UTC) - INFO - settings  - Starting db..
26 Feb, 2021  05:07:24:32 +00:00(UTC) - INFO - settings  - [Mongo] - DB connection has established!
26 Feb, 2021  09:18:48:83 +00:00(UTC) - INFO - settings  - Starting db..
26 Feb, 2021  09:18:48:85 +00:00(UTC) - INFO - settings  - [Mongo] - DB connection has established!
26 Feb, 2021  11:13:50:78 +00:00(UTC) - INFO - settings  - Starting db..
26 Feb, 2021  11:13:50:82 +00:00(UTC) - INFO - settings  - [Mongo] - DB connection has established!
26 Feb, 2021  11:27:23:06 +00:00(UTC) - INFO - settings  - Starting db..
26 Feb, 2021  11:27:23:08 +00:00(UTC) - INFO - settings  - [Mongo] - DB connection has established!
